<?xml version="1.0" encoding="UTF-8"?>
<!-- Generated by org.testng.reporters.JUnitReportReporter -->
<testsuite hostname="DESKTOP-KPMAOS8" failures="0" tests="1" name="POMTests.LoginTest" time="0.432" errors="0" timestamp="2024-03-18T20:22:49 IST" skipped="0">
  <testcase classname="POMTests.LoginTest" name="Login" time="0.432"/>
</testsuite> <!-- POMTests.LoginTest -->
