<?xml version="1.0" encoding="UTF-8"?>
<!-- Generated by org.testng.reporters.JUnitReportReporter -->
<testsuite hostname="DESKTOP-KPMAOS8" failures="0" tests="3" name="Reports.guru99test" time="44.456" errors="0" timestamp="2023-12-11T20:54:43 IST" skipped="0">
  <testcase classname="Reports.guru99test" name="OpenApp" time="41.376"/>
  <testcase classname="Reports.guru99test" name="Login" time="2.693"/>
  <testcase classname="Reports.guru99test" name="TearDown" time="0.387"/>
</testsuite> <!-- Reports.guru99test -->
